---
id: disassembly-debugging
title: 反汇编与调试
summary: 反汇编（Disassembly）是把机器码还原为汇编的过程——用于理解程序行为、分析恶意软件、逆向工程和调试崩溃
difficulty: advanced
order: 12
parent: inline-assembly
children:
  - buffer-overflow
related:
  - inline-assembly
  - machine-code
  - isa-overview
prerequisites:
  - inline-assembly
tags:
  - assembly
  - debugging
  - reverse-engineering
createdAt: 2026-06-12
---

## "拆开"程序看看

你写了一个 C 程序，编译后得到可执行文件。但你有没有想过——**编译器到底把你的代码变成了什么？**

反汇编就是把编译好的机器码还原成汇编指令，让你看清程序的真实面目。

### 类比：看菜谱做菜 vs 尝菜猜配方

- **看源码** = 拿着菜谱做菜——清清楚楚知道每一步在干嘛
- **看编译后的汇编** = 品尝成品菜，猜测大厨用了什么调料和手法
- **反汇编** = 把成品菜放进实验室分析——精确到每一克盐、每一滴油

## 为什么需要反汇编？

### 调试崩溃（最常见）

程序在用户那崩溃了，只有一个地址：`0x4012a4 处访问违例`。反汇编这个地址看看是什么指令——哦，是在解引用空指针。

### 验证编译器输出

```c
// 想知道编译器怎么优化这段代码？
int sum(int n) {
    int s = 0;
    for (int i = 0; i <= n; i++) s += i;
    return s;
}
```

用 `objdump -d` 反汇编看看——编译器可能直接算出了公式 `n*(n+1)/2`！

### 逆向工程

没有源码的程序，通过反汇编理解它的行为。

### 安全分析

分析恶意软件、寻找漏洞。

## 实战：从崩溃地址到源码行

程序崩溃了，你收到一个报错："在地址 0x4012a4 处发生段错误"。怎么找到问题？

```bash
$ gdb ./myprogram core          # 用 GDB 加载 core dump
(gdb) bt                        # 查看调用栈
#0  divide (a=10, b=0) at calc.c:12
#1  0x00000000004012b8 in main at calc.c:20

(gdb) frame 0                   # 切换到出错的帧
(gdb) info registers            # 看寄存器状态
(gdb) disassemble               # 反汇编出错函数
```

```
Dump of assembler code for function divide:
   0x401290 <+0>:   push   rbp
   0x401291 <+1>:   mov    rbp,rsp
   0x401294 <+4>:   mov    DWORD PTR [rbp-0x4],edi
   0x401297 <+7>:   mov    DWORD PTR [rbp-0x8],esi
   0x40129a <+10>:  mov    eax,DWORD PTR [rbp-0x4]
   0x40129d <+13>:  cdq
   0x40129e <+14>:  idiv   DWORD PTR [rbp-0x8]    ← 出错！
   0x4012a1 <+17>:  pop    rbp
   0x4012a2 <+18>:  ret
```

`idiv` 指令在 `[rbp-0x8]`（即 b=0）处触发了除法错误——因为 `idiv` 在除数为 0 时会触发硬件异常。对应到 C 源码就是 `int result = a / b;` 中 `b=0`。

**关键技巧**：GDB 的 `bt`（backtrace）和 `info registers` 是最常用来定位 crash 的命令。加上 `list` 可以看到对应的源码行——汇编调试不是"猜"，是有条理地追溯。

## 常用反汇编工具

### objdump（Linux 标配）

```bash
objdump -d program          # 反汇编所有代码段
objdump -d -M intel program # 使用 Intel 语法（而不是 AT&T）
objdump -S program          # 混合显示源码和汇编（如果有调试信息）
```

```bash
$ objdump -d -M intel myprogram

0000000000401106 <main>:
  401106:  push   rbp
  401107:  mov    rbp, rsp
  40110a:  sub    rsp, 0x10
  40110e:  mov    DWORD PTR [rbp-4], 0
  401115:  mov    DWORD PTR [rbp-8], 10
  40111c:  mov    eax, DWORD PTR [rbp-8]
  40111f:  mov    edi, eax
  401121:  call   401060 <fact>
  401126:  mov    DWORD PTR [rbp-4], eax
  401129:  mov    eax, 0
  40112e:  leave
  40112f:  ret
```

### 解读 objdump 输出的结构

```
  401106:  push   rbp
  ↑       ↑       ↑
  地址    机器码  反汇编后的指令
```

每行包含：
- **地址**：指令在内存中的位置（或虚拟地址）
- **机器码**（可选显示）：指令的二进制编码
- **汇编指令**：反汇编后的助记符

### GDB（GNU Debugger）

GDB 不仅可以反汇编，还能**单步执行、查看寄存器、观察内存变化**：

```bash
gdb ./myprogram
(gdb) break main              # 在 main 处设断点
(gdb) run                     # 运行到断点
(gdb) disassemble             # 反汇编当前函数
(gdb) info registers          # 查看所有寄存器
(gdb) x/10i $rip              # 查看当前 IP 附近的 10 条指令
(gdb) x/10x $rsp              # 以十六进制查看栈顶的 10 个值
(gdb) si                      # 单步执行一条指令
(gdb) ni                      # 单步执行，遇到 CALL 不进入
(gdb) info frame              # 查看当前栈帧信息
```

### GDB 常用调试流程

```
(gdb) disassemble main
Dump of assembler code for function main:
   0x0000000000401106 <+0>:     push   rbp
   0x0000000000401107 <+1>:     mov    rbp,rsp
   0x000000000040110a <+4>:     sub    rsp,0x10
   0x000000000040110e <+8>:     mov    DWORD PTR [rbp-0x4],0x0
   0x0000000000401115 <+15>:    mov    DWORD PTR [rbp-0x8],0xa
   0x000000000040111c <+22>:    mov    eax,DWORD PTR [rbp-0x8]
   0x000000000040111f <+25>:    mov    edi,eax
   0x0000000000401121 <+27>:    call   0x401060 <fact>
   0x0000000000401126 <+32>:    mov    DWORD PTR [rbp-0x4],eax
   0x0000000000401129 <+35>:    mov    eax,0x0
   0x000000000040112e <+41>:    leave
   0x000000000040112f <+42>:    ret

(gdb) break *0x401121          # 在 call 指令处设断点
(gdb) run
(gdb) info registers rbp rsp eax edi
rbp  0x7fffffffe500     rsp  0x7fffffffe4f0
eax  0xa                edi  0xa              # eax=10, edi=10（参数）
```

> 🔑 `disassemble` 是 GDB 中最有用的命令之一——它让你看到 CPU 实际执行的指令，而不是源码中看似对应但实际上可能被优化过的代码。

### GUI 反汇编工具

| 工具 | 平台 | 特点 |
|------|------|------|
| **IDA Pro** | Windows/Linux/Mac | 行业标准，功能最强，商业收费 |
| **Ghidra** | 跨平台 | NSA 开源，免费，功能接近 IDA |
| **x64dbg** | Windows | 64 位调试器，界面友好 |
| **radare2** | 跨平台 | 命令行反汇编框架，免费开源 |
| **Hopper** | Mac | 界面简洁，适合 macOS |

## 理解编译器生成的代码

### 优化级别的影响

不同优化级别的汇编代码差异巨大：

```c
int multiply(int a, int b) {
    int result = a * b;
    return result;
}
```

**-O0（无优化）——冗余但清晰：**

```asm
_multiply:
    push   rbp
    mov    rbp, rsp
    mov    DWORD PTR [rbp-4], edi    ; a 存到局部变量
    mov    DWORD PTR [rbp-8], esi    ; b 存到局部变量
    mov    eax, DWORD PTR [rbp-4]    ; 再读出来
    imul   eax, DWORD PTR [rbp-8]   ; 相乘
    mov    DWORD PTR [rbp-12], eax   ; 存到 result
    mov    eax, DWORD PTR [rbp-12]   ; 再读出来返回
    pop    rbp
    ret
```

> -O0 的代码充满了不必要的内存读写——每个变量都"严格"地存到栈上再读回来。但这是好事：调试时每个变量都有确定的位置，断点可以看到所有值。

**-O2（优化）——极简：**

```asm
_multiply:
    mov    eax, edi      ; 直接放结果寄存器
    imul   eax, esi      ; 相乘
    ret
```

> -O2 去掉了所有不必要的栈操作——参数就在寄存器里，结果直接在 EAX 中返回。短短 3 条指令。

### 识别常见的高级结构

**if/else 语句：**

```c
// C 源码
if (x > 0) {
    positive_count++;
} else {
    negative_count++;
}
```

```asm
    cmp    DWORD PTR [rbp-4], 0    ; 比较 x 和 0
    jle    .L2                      ; x <= 0 跳到 else
    add    DWORD PTR [rbp-8], 1    ; positive_count++
    jmp    .L3                      ; 跳过 else
.L2:
    add    DWORD PTR [rbp-12], 1   ; negative_count++
.L3:
```

**for 循环：**

```c
// C 源码
for (int i = 0; i < 10; i++) {
    sum += i;
}
```

```asm
    mov    DWORD PTR [rbp-4], 0    ; i = 0
    jmp    .L4                      ; 跳到条件判断
.L5:
    mov    eax, DWORD PTR [rbp-4]  ; 取 i
    add    DWORD PTR [rbp-8], eax  ; sum += i
    add    DWORD PTR [rbp-4], 1    ; i++
.L4:
    cmp    DWORD PTR [rbp-4], 9    ; i <= 9?
    jle    .L5                      ; 是 → 继续循环
```

**函数调用（参数传递）：**

```c
// C 源码
int result = add(3, 5);
```

```asm
    mov    esi, 5          ; 第二个参数 → RSI (System V AMD64)
    mov    edi, 3          ; 第一个参数 → RDI
    call   _add
    mov    DWORD PTR [rbp-4], eax  ; 返回值存到 result
```

### 识别字符串和常量

反汇编中，字符串常量通常出现在 `.rodata` 段：

```bash
$ objdump -s -j .rodata program

Contents of section .rodata:
 400600 48656c6c 6f2c2057 6f726c64 2100      Hello, World!.
```

```asm
; 引用字符串的代码
    mov    edi, 0x400600    ; 指向 "Hello, World!" 的指针
    call   _puts
```

### 识别 switch-case

编译器对 switch-case 的优化很有特色——尤其是密集的 case 值会用**跳转表（Jump Table）**：

```c
switch (x) {
    case 0: do_a(); break;
    case 1: do_b(); break;
    case 2: do_c(); break;
    case 3: do_d(); break;
}
```

优化后的汇编：

```asm
    mov    eax, DWORD PTR [rbp-4]    ; 取 x
    cmp    eax, 3                     ; 检查是否在范围内
    ja     .L_default                 ; 超出范围 → 默认分支
    jmp    [.L_jumptable + eax*8]     ; 跳转到查表结果

.L_jumptable:
    .quad .L_case0                   ; case 0 的地址
    .quad .L_case1                   ; case 1 的地址
    .quad .L_case2                   ; case 2 的地址
    .quad .L_case3                   ; case 3 的地址
```

> 💡 跳转表是 switch 比 if-else 链快的底层原因——O(1) 的时间复杂度，不管有多少个 case。

## 实战：反汇编分析一个实际程序

假设有以下 C 程序：

```c
#include <stdio.h>

int factorial(int n) {
    if (n <= 1) return 1;
    return n * factorial(n - 1);
}

int main() {
    int result = factorial(5);
    printf("5! = %d\n", result);
    return 0;
}
```

编译并反汇编：

```bash
gcc -O2 -o fact fact.c
objdump -d -M intel fact | grep -A 30 '<factorial>'
```

你可能看到：

```asm
0000000000401050 <factorial>:
; 尾递归优化后的结果——没有 CALL 自己，变成了循环！
  401050:  mov    eax, 1            ; result = 1
  401055:  cmp    edi, 1            ; n <= 1?
  401058:  jle    401068            ; 是 → 返回
  40105a:  nop    WORD PTR [rax+rax*1+0x0]  ; 对齐

  401060:  imul   eax, edi          ; result *= n
  401063:  sub    edi, 1            ; n--
  401066:  jne    401060            ; 如果 n != 0 继续乘
  401068:  ret
```

> 🔍 注意：`-O2` 优化把递归变成了迭代！`factorial` 函数中没有 `call factorial`——编译器识别出尾递归形式并展开了。

## GDB 实战：定位段错误

```bash
$ ./crash
Segmentation fault (core dumped)

$ gdb ./crash core
(gdb) bt                    # backtrace——查看调用栈
#0  0x00000000004011a4 in divide_by_zero ()
#1  0x00000000004011c8 in main ()

(gdb) disassemble
0x00000000004011a4 <divide_by_zero+12>:  div    DWORD PTR [rbp-4]
                                           ↑
                                       除法指令，除数是 [rbp-4]

(gdb) print $ebp           # 查看基址指针
(gdb) x/4x $rbp-4          # 查看除数 → 发现是 0！
```

GDB 的 `bt`（backtrace）和 `disassemble` 是调试崩溃时最常用的两个命令。

## 反汇编的局限性

### 无法恢复原始源码

```asm
; 下面这段可能是哪个 C 代码生成的？
    mov    eax, edi
    add    eax, esi
    ret
```

可能是 `return a + b`，也可能是 `int s = a; s += b; return s;`——**反汇编恢复语义，不恢复语法**。

### 编译器优化导致结构变形

- 内联函数消失 → 源码中的函数调用在汇编里不存在
- 循环展开 → 循环结构消失，变成重复代码
- 常量传播 → 变量名消失，直接变成立即数

### 无法区分数据和代码

冯·诺依曼架构中，数据和代码都在同一个内存空间。反汇编器怎么知道一段字节是指令还是数据？

```asm
; 这是一段代码还是数据？
401000:  48 89 E5       ; mov rbp, rsp（像是代码）
401003:  48 65 6C 6C   ; "Hell" 字符串！
```

反汇编器从入口点开始逐条解码——但如果遇到**间接跳转**（`jmp [rax]`），它无法知道 rax 的值，后面的代码可能被误判。

### 反汇编难度的递增

| 难度 | 场景 | 示例 |
|------|------|------|
| ⭐ | 自有程序，有调试符号 | 刚刚 `gcc -g` 编译的 |
| ⭐⭐ | 自有程序，无调试符号 | `strip` 处理过的 |
| ⭐⭐⭐ | 第三方程序，未混淆 | 普通商业软件 |
| ⭐⭐⭐⭐ | 混淆后的程序 | 加壳、代码变形 |
| ⭐⭐⭐⭐⭐ | 恶意软件/病毒 | 反调试、多态代码 |

## 实战：使用 GDB 单步跟踪汇编

```bash
gdb ./myprog
(gdb) set disassembly-flavor intel    ; 使用 Intel 语法
(gdb) break *main+0
(gdb) run

(gdb) display/3i $rip                 ; 每次都显示接下来的 3 条指令
(gdb) display/x $eax                  ; 同时也显示 eax 的值
(gdb) si                              ; 单步执行
```

输出看起来像：

```
1: x/3i $rip
=> 0x401106 <main+0>:   push   rbp
   0x401107 <main+1>:   mov    rbp, rsp
   0x40110a <main+4>:   sub    rsp, 0x10
2: x/x $eax
   0x0

(gdb) si    ; 执行 push rbp

1: x/3i $rip
=> 0x401107 <main+1>:   mov    rbp, rsp
   0x40110a <main+4>:   sub    rsp, 0x10
   0x40110e <main+8>:   mov    DWORD PTR [rbp-4], 0x0
2: x/x $eax
   0x0
```

> 💡 用 `display` 设置自动显示的表达式，每次 `si` 后都会自动输出——不用每次都手动输入。

## 常见调试场景

### 场景 1：栈溢出

```bash
(gdb) run
*** stack smashing detected ***: terminated  # 检测到栈破坏！
(gdb) bt
(gdb) disassemble $pc      # 查看当前指令
```

### 场景 2：无限循环

```bash
(gdb) run
...程序卡住了...
^C                       # Ctrl+C 中断
(gdb) disassemble $pc    # 看程序在哪条指令上循环
(gdb) info registers rip # 看 PC 有没有变化
(gdb) stepi              # 单步几次
```

### 场景 3：内存访问违例

```bash
(gdb) run
Program received signal SIGSEGV, Segmentation fault.
(gdb) disassemble $pc
=> 0x401234:  mov    eax, DWORD PTR [rdi]   ; rdi 指向的地址不可访问
(gdb) info registers rdi
rdi  0x0     ; ← 空指针！解引用 NULL 了
```

## 小结

反汇编和调试是程序员的"侦探工具"——帮你看到程序真实执行的那一面：

| 工具 | 用途 | 常用命令 |
|------|------|---------|
| **objdump -d** | 静态反汇编 | 查看整个函数的汇编 |
| **GDB disassemble** | 动态反汇编 | 运行时查看当前函数 |
| **GDB stepi** | 单步执行 | 逐条指令调试 |
| **GDB info reg** | 查看寄存器 | 检查 CPU 状态 |
| **GDB backtrace** | 查看调用栈 | 定位崩溃位置 |

**反汇编的核心价值：**
- 理解编译器优化——看到 C 代码的真实执行效率
- 定位裸奔的 bug——源码层面看不出来的问题，汇编层面一目了然
- 逆向分析——没有源码时，这是唯一的理解途径

**为什么这很重要？** 能读懂反汇编，是你从"会写 C"到"理解计算机"的重要一步——你不再只看到高级语言的抽象，还能看到硬件真正执行的那一层。

接下来，你将学习反汇编最重要的实际应用之一——发现和利用缓冲区溢出漏洞（此内容将在后续章节详细讲解）。
